Warning: libpng warning: Interlace handling should be turned on when using png_read_image
Warning: libpng warning: Interlace handling should be turned on when using png_read_image
Warning: libpng warning: Interlace handling should be turned on when using png_read_image
Warning: libpng warning: Interlace handling should be turned on when using png_read_image
Warning: libpng warning: Interlace handling should be turned on when using png_read_image
Warning: QPainter::begin: Paint device returned engine == 0, type: 1
Warning: QPainter::setPen: Painter not active
Warning: QPainter::setBrush: Painter not active
Warning: QPainter::setRenderHint: Painter must be active to set rendering hints
Warning: QPainter::setPen: Painter not active
Warning: libpng warning: Interlace handling should be turned on when using png_read_image
Debug: "00:31:45 c:\jk\workspace\build__4.44__designer_win\fmod4\tools\fmod_designer\src\eventform.ui.h:2202 CH: Delete Events/Event Groups/Event Categories" 
Debug: "00:32:15 ..\..\src\propertyeditor.cpp:1865 GU: Set Audio Source Directory" 
Debug: "00:32:47 c:\jk\workspace\build__4.44__designer_win\fmod4\tools\fmod_designer\src\builddialog.ui.h:274 AG: Find Missing Sound Files" 
Debug: Error : Build failed : Couldn't cache details for 'D:\Users\Darka\Documents\DARK SOULS 3 TOOLS\Sound editor-adder\Main_DLC1\Sounds\\s101010104.wav'.
Debug: 
Building project 'fdp_main_dlc1'...
Debug: Building project D:\Games\Steam\steamapps\common\DARK SOULS III\Game\AshesLauncherDev\_ashes\sound\fdp_main_dlc1.fev...
Debug: Unique sound defs 1/27
Debug: Retrieving sound file info...
Debug: Error! Length wasn't cached for sound file D:\Users\Darka\Documents\DARK SOULS 3 TOOLS\Sound editor-adder\Main_DLC1\Sounds\\s101010104.wav
Debug: Error : Build failed : An error occurred while writing 'D:\Games\Steam\steamapps\common\DARK SOULS III\Game\AshesLauncherDev\_ashes\sound\fdp_main_dlc1.fev'.
Debug: 
The following errors and warnings were detected:
Error : Build failed : Couldn't cache details for 'D:\Users\Darka\Documents\DARK SOULS 3 TOOLS\Sound editor-adder\Main_DLC1\Sounds\\s101010104.wav'.
Error : Build failed : An error occurred while writing 'D:\Games\Steam\steamapps\common\DARK SOULS III\Game\AshesLauncherDev\_ashes\sound\fdp_main_dlc1.fev'.
Debug: 
Summary of build:
FAIL   : D:/Games/Steam/steamapps/common/DARK SOULS III/Game/AshesLauncherDev/_ashes/sound/fdp_main_dlc1.fev
Debug: "00:33:08 c:\jk\workspace\build__4.44__designer_win\fmod4\tools\fmod_designer\src\builddialog.ui.h:274 AG: Find Missing Sound Files" 
Debug: Error : Build failed : Couldn't cache details for 'D:\Users\Darka\Documents\DARK SOULS 3 TOOLS\Sound editor-adder\Main_DLC1\Sounds\\s101010104.wav'.
Debug: 
Building project 'fdp_main_dlc1'...
Debug: Building project D:\Games\Steam\steamapps\common\DARK SOULS III\Game\AshesLauncherDev\_ashes\sound\fdp_main_dlc1.fev...
Debug: Unique sound defs 1/27
Debug: Retrieving sound file info...
Debug: Error! Length wasn't cached for sound file D:\Users\Darka\Documents\DARK SOULS 3 TOOLS\Sound editor-adder\Main_DLC1\Sounds\\s101010104.wav
Debug: Error : Build failed : An error occurred while writing 'D:\Games\Steam\steamapps\common\DARK SOULS III\Game\AshesLauncherDev\_ashes\sound\fdp_main_dlc1.fev'.
Debug: 
The following errors and warnings were detected:
Error : Build failed : Couldn't cache details for 'D:\Users\Darka\Documents\DARK SOULS 3 TOOLS\Sound editor-adder\Main_DLC1\Sounds\\s101010104.wav'.
Error : Build failed : An error occurred while writing 'D:\Games\Steam\steamapps\common\DARK SOULS III\Game\AshesLauncherDev\_ashes\sound\fdp_main_dlc1.fev'.
Debug: 
Summary of build:
FAIL   : D:/Games/Steam/steamapps/common/DARK SOULS III/Game/AshesLauncherDev/_ashes/sound/fdp_main_dlc1.fev
Debug: "00:36:56 c:\jk\workspace\build__4.44__designer_win\fmod4\tools\fmod_designer\src\sounddefform.ui.h:2159 FR: Delete Sound Def Item" 
Debug: "00:36:58 c:\jk\workspace\build__4.44__designer_win\fmod4\tools\fmod_designer\src\sounddefform.ui.h:2159 FR: Delete Sound Def Item" 
Debug: "00:37:01 c:\jk\workspace\build__4.44__designer_win\fmod4\tools\fmod_designer\src\sounddefform.ui.h:2159 FR: Delete Sound Def Item" 
Debug: "00:37:03 c:\jk\workspace\build__4.44__designer_win\fmod4\tools\fmod_designer\src\sounddefform.ui.h:2159 FR: Delete Sound Def Item" 
Debug: "00:37:09 c:\jk\workspace\build__4.44__designer_win\fmod4\tools\fmod_designer\src\builddialog.ui.h:274 AG: Find Missing Sound Files" 
Debug: Error : Build failed : Couldn't cache details for 'D:\Users\Darka\Documents\DARK SOULS 3 TOOLS\sound\sprj_main\movement1.wav'.
Debug: 
Building project 'fdp_main_dlc1'...
Debug: Building project D:\Games\Steam\steamapps\common\DARK SOULS III\Game\AshesLauncherDev\_ashes\sound\fdp_main_dlc1.fev...
Debug: Unique sound defs 1/26
Debug: Retrieving sound file info...
Debug: Error! Length wasn't cached for sound file D:\Users\Darka\Documents\DARK SOULS 3 TOOLS\sound\sprj_main_eng\souken_zankou1.wav
Debug: Error : Build failed : An error occurred while writing 'D:\Games\Steam\steamapps\common\DARK SOULS III\Game\AshesLauncherDev\_ashes\sound\fdp_main_dlc1.fev'.
Debug: 
The following errors and warnings were detected:
Error : Build failed : Couldn't cache details for 'D:\Users\Darka\Documents\DARK SOULS 3 TOOLS\sound\sprj_main\movement1.wav'.
Error : Build failed : An error occurred while writing 'D:\Games\Steam\steamapps\common\DARK SOULS III\Game\AshesLauncherDev\_ashes\sound\fdp_main_dlc1.fev'.
Debug: 
Summary of build:
FAIL   : D:/Games/Steam/steamapps/common/DARK SOULS III/Game/AshesLauncherDev/_ashes/sound/fdp_main_dlc1.fev
Debug: "00:37:44 c:\jk\workspace\build__4.44__designer_win\fmod4\tools\fmod_designer\src\sounddefform.ui.h:2159 FR: Delete Sound Def Item" 
Debug: "00:38:43 c:\jk\workspace\build__4.44__designer_win\fmod4\tools\fmod_designer\src\sounddefform.ui.h:2159 FR: Delete Sound Def Item" 
Debug: "00:38:53 c:\jk\workspace\build__4.44__designer_win\fmod4\tools\fmod_designer\src\builddialog.ui.h:274 AG: Find Missing Sound Files" 
Debug: Error : Build failed : Couldn't cache details for 'D:\Users\Darka\Documents\DARK SOULS 3 TOOLS\sound\sprj_main\sprj_chain1.wav'.
Debug: 
Building project 'fdp_main_dlc1'...
Debug: Building project D:\Games\Steam\steamapps\common\DARK SOULS III\Game\AshesLauncherDev\_ashes\sound\fdp_main_dlc1.fev...
Debug: Unique sound defs 1/24
Debug: Retrieving sound file info...
Debug: Error! Length wasn't cached for sound file D:\Users\Darka\Documents\DARK SOULS 3 TOOLS\sound\sprj_main_eng\souken_zankou1.wav
Debug: Error : Build failed : An error occurred while writing 'D:\Games\Steam\steamapps\common\DARK SOULS III\Game\AshesLauncherDev\_ashes\sound\fdp_main_dlc1.fev'.
Debug: 
The following errors and warnings were detected:
Error : Build failed : Couldn't cache details for 'D:\Users\Darka\Documents\DARK SOULS 3 TOOLS\sound\sprj_main\sprj_chain1.wav'.
Error : Build failed : An error occurred while writing 'D:\Games\Steam\steamapps\common\DARK SOULS III\Game\AshesLauncherDev\_ashes\sound\fdp_main_dlc1.fev'.
Debug: 
Summary of build:
FAIL   : D:/Games/Steam/steamapps/common/DARK SOULS III/Game/AshesLauncherDev/_ashes/sound/fdp_main_dlc1.fev
Debug: "00:41:21 c:\jk\workspace\build__4.44__designer_win\fmod4\tools\fmod_designer\src\sounddefform.ui.h:2159 FR: Delete Sound Def Item" 
Debug: "00:41:26 c:\jk\workspace\build__4.44__designer_win\fmod4\tools\fmod_designer\src\builddialog.ui.h:274 AG: Find Missing Sound Files" 
Debug: Error : Build failed : Couldn't cache details for 'D:\Users\Darka\Documents\DARK SOULS 3 TOOLS\sound\sprj_main_eng\souken_tsukamu.wav'.
Debug: 
Building project 'fdp_main_dlc1'...
Debug: Building project D:\Games\Steam\steamapps\common\DARK SOULS III\Game\AshesLauncherDev\_ashes\sound\fdp_main_dlc1.fev...
Debug: Unique sound defs 1/23
Debug: Retrieving sound file info...
Debug: Error! Length wasn't cached for sound file D:\Users\Darka\Documents\DARK SOULS 3 TOOLS\sound\sprj_main_eng\souken_zankou1.wav
Debug: Error : Build failed : An error occurred while writing 'D:\Games\Steam\steamapps\common\DARK SOULS III\Game\AshesLauncherDev\_ashes\sound\fdp_main_dlc1.fev'.
Debug: 
The following errors and warnings were detected:
Error : Build failed : Couldn't cache details for 'D:\Users\Darka\Documents\DARK SOULS 3 TOOLS\sound\sprj_main_eng\souken_tsukamu.wav'.
Error : Build failed : An error occurred while writing 'D:\Games\Steam\steamapps\common\DARK SOULS III\Game\AshesLauncherDev\_ashes\sound\fdp_main_dlc1.fev'.
Debug: 
Summary of build:
FAIL   : D:/Games/Steam/steamapps/common/DARK SOULS III/Game/AshesLauncherDev/_ashes/sound/fdp_main_dlc1.fev
Debug: "00:42:58 c:\jk\workspace\build__4.44__designer_win\fmod4\tools\fmod_designer\src\sounddefform.ui.h:2159 FR: Delete Sound Def Item" 
Debug: "00:43:03 c:\jk\workspace\build__4.44__designer_win\fmod4\tools\fmod_designer\src\builddialog.ui.h:274 AG: Find Missing Sound Files" 
Debug: Error : Build failed : Couldn't cache details for 'D:\Users\Darka\Documents\DARK SOULS 3 TOOLS\sound\sprj_main_eng\souken_zankou1.wav'.
Debug: 
Building project 'fdp_main_dlc1'...
Debug: Building project D:\Games\Steam\steamapps\common\DARK SOULS III\Game\AshesLauncherDev\_ashes\sound\fdp_main_dlc1.fev...
Debug: Unique sound defs 1/22
Debug: Retrieving sound file info...
Debug: Error! Length wasn't cached for sound file D:\Users\Darka\Documents\DARK SOULS 3 TOOLS\sound\sprj_main_eng\souken_zankou1.wav
Debug: Error : Build failed : An error occurred while writing 'D:\Games\Steam\steamapps\common\DARK SOULS III\Game\AshesLauncherDev\_ashes\sound\fdp_main_dlc1.fev'.
Debug: 
The following errors and warnings were detected:
Error : Build failed : Couldn't cache details for 'D:\Users\Darka\Documents\DARK SOULS 3 TOOLS\sound\sprj_main_eng\souken_zankou1.wav'.
Error : Build failed : An error occurred while writing 'D:\Games\Steam\steamapps\common\DARK SOULS III\Game\AshesLauncherDev\_ashes\sound\fdp_main_dlc1.fev'.
Debug: 
Summary of build:
FAIL   : D:/Games/Steam/steamapps/common/DARK SOULS III/Game/AshesLauncherDev/_ashes/sound/fdp_main_dlc1.fev
Debug: "00:44:41 c:\jk\workspace\build__4.44__designer_win\fmod4\tools\fmod_designer\src\sounddefform.ui.h:2159 FR: Delete Sound Def Item" 
Debug: "00:44:47 c:\jk\workspace\build__4.44__designer_win\fmod4\tools\fmod_designer\src\builddialog.ui.h:274 AG: Find Missing Sound Files" 
Debug: Error : Build failed : Couldn't cache details for 'D:\Users\Darka\Documents\DARK SOULS 3 TOOLS\sound\sprj_main_eng\sprj_tame_light00.wav'.
Debug: 
Building project 'fdp_main_dlc1'...
Debug: Building project D:\Games\Steam\steamapps\common\DARK SOULS III\Game\AshesLauncherDev\_ashes\sound\fdp_main_dlc1.fev...
Debug: Unique sound defs 1/21
Debug: Retrieving sound file info...
Debug: Error! Length wasn't cached for sound file D:\Users\Darka\Documents\DARK SOULS 3 TOOLS\sound\sprj_main_eng\sprj_tame_light00.wav
Debug: Error : Build failed : An error occurred while writing 'D:\Games\Steam\steamapps\common\DARK SOULS III\Game\AshesLauncherDev\_ashes\sound\fdp_main_dlc1.fev'.
Debug: 
The following errors and warnings were detected:
Error : Build failed : Couldn't cache details for 'D:\Users\Darka\Documents\DARK SOULS 3 TOOLS\sound\sprj_main_eng\sprj_tame_light00.wav'.
Error : Build failed : An error occurred while writing 'D:\Games\Steam\steamapps\common\DARK SOULS III\Game\AshesLauncherDev\_ashes\sound\fdp_main_dlc1.fev'.
Debug: 
Summary of build:
FAIL   : D:/Games/Steam/steamapps/common/DARK SOULS III/Game/AshesLauncherDev/_ashes/sound/fdp_main_dlc1.fev
Debug: "00:45:57 c:\jk\workspace\build__4.44__designer_win\fmod4\tools\fmod_designer\src\sounddefform.ui.h:2159 FR: Delete Sound Def Item" 
Debug: "00:46:03 c:\jk\workspace\build__4.44__designer_win\fmod4\tools\fmod_designer\src\builddialog.ui.h:274 AG: Find Missing Sound Files" 
Debug: 
Building project 'fdp_main_dlc1'...
Debug: Building project D:\Games\Steam\steamapps\common\DARK SOULS III\Game\AshesLauncherDev\_ashes\sound\fdp_main_dlc1.fev...
Debug: Unique sound defs 1/20
Debug: Retrieving sound file info...
Debug: Retrieving reverb info...
Debug: FEV file written ok
Debug: Unique Envelope Points: 11 of 168
Debug: Unique Strings: 572 characters of 825
Debug: Caching sound file details for ''...
Debug: beast_b_at01.wav
Debug: beast_b_at02.wav
Debug: beast_b_at03.wav
Debug: beast_change.wav
Debug: beast_change_short.wav
Debug: beast_change_short2.wav
Debug: beast_reflec.wav
Debug: beast_s_at01.wav
Debug: beast_s_at02.wav
Debug: beast_s_at03.wav
Debug: beast_s_at04.wav
Debug: finger.wav
Debug: hebi_hue.wav
Debug: juuka0.wav
Debug: juuka1.wav
Debug: s000202008.wav
Debug: sharin_don.wav
Debug: sharin_land.wav
Debug: sharin_mawasu.wav
Debug: sharin_onryo.wav
Debug: sprj_katana_iai0.wav
Debug: sprj_katana_iai1.wav
Debug: w_change_whip_noko1.wav
Debug: w_change_whip_noko2.wav
Debug: w_whip_swing01.wav
Debug: w_whip_swing02.wav
Debug: w_whip_swing03.wav
Debug: Building 'fdp_main_dlc1.fsb'
Debug: Encoded D:\Games\Steam\steamapps\common\DARK SOULS III\Game\AshesLauncherDev\_ashes\sound\AshesSounds\beast_b_at01.wav
Debug: Encoded D:\Games\Steam\steamapps\common\DARK SOULS III\Game\AshesLauncherDev\_ashes\sound\AshesSounds\beast_b_at02.wav
Debug: Encoded D:\Games\Steam\steamapps\common\DARK SOULS III\Game\AshesLauncherDev\_ashes\sound\AshesSounds\beast_b_at03.wav
Debug: Encoded D:\Games\Steam\steamapps\common\DARK SOULS III\Game\AshesLauncherDev\_ashes\sound\AshesSounds\beast_change_short2.wav
Debug: Encoded D:\Games\Steam\steamapps\common\DARK SOULS III\Game\AshesLauncherDev\_ashes\sound\AshesSounds\beast_reflec.wav
Debug: Encoded D:\Games\Steam\steamapps\common\DARK SOULS III\Game\AshesLauncherDev\_ashes\sound\AshesSounds\beast_change.wav
Debug: Encoded D:\Games\Steam\steamapps\common\DARK SOULS III\Game\AshesLauncherDev\_ashes\sound\AshesSounds\beast_s_at02.wav
Debug: Encoded D:\Games\Steam\steamapps\common\DARK SOULS III\Game\AshesLauncherDev\_ashes\sound\AshesSounds\beast_s_at01.wav
Debug: Encoded D:\Games\Steam\steamapps\common\DARK SOULS III\Game\AshesLauncherDev\_ashes\sound\AshesSounds\beast_s_at04.wav
Debug: Encoded D:\Games\Steam\steamapps\common\DARK SOULS III\Game\AshesLauncherDev\_ashes\sound\AshesSounds\beast_s_at03.wav
Debug: Encoded D:\Games\Steam\steamapps\common\DARK SOULS III\Game\AshesLauncherDev\_ashes\sound\AshesSounds\hebi_hue.wav
Debug: Encoded D:\Games\Steam\steamapps\common\DARK SOULS III\Game\AshesLauncherDev\_ashes\sound\AshesSounds\finger.wav
Debug: Encoded D:\Games\Steam\steamapps\common\DARK SOULS III\Game\AshesLauncherDev\_ashes\sound\AshesSounds\juuka1.wav
Debug: Encoded D:\Games\Steam\steamapps\common\DARK SOULS III\Game\AshesLauncherDev\_ashes\sound\AshesSounds\juuka0.wav
Debug: Encoded D:\Games\Steam\steamapps\common\DARK SOULS III\Game\AshesLauncherDev\_ashes\sound\AshesSounds\sharin_don.wav
Debug: Encoded D:\Games\Steam\steamapps\common\DARK SOULS III\Game\AshesLauncherDev\_ashes\sound\AshesSounds\sharin_land.wav
Debug: Encoded D:\Games\Steam\steamapps\common\DARK SOULS III\Game\AshesLauncherDev\_ashes\sound\AshesSounds\sharin_mawasu.wav
Debug: Encoded D:\Games\Steam\steamapps\common\DARK SOULS III\Game\AshesLauncherDev\_ashes\sound\AshesSounds\sharin_onryo.wav
Debug: Encoded D:\Games\Steam\steamapps\common\DARK SOULS III\Game\AshesLauncherDev\_ashes\sound\AshesSounds\s000202008.wav
Debug: Encoded D:\Games\Steam\steamapps\common\DARK SOULS III\Game\AshesLauncherDev\_ashes\sound\AshesSounds\sprj_katana_iai1.wav
Debug: Encoded D:\Games\Steam\steamapps\common\DARK SOULS III\Game\AshesLauncherDev\_ashes\sound\AshesSounds\w_change_whip_noko1.wav
Debug: Encoded D:\Games\Steam\steamapps\common\DARK SOULS III\Game\AshesLauncherDev\_ashes\sound\AshesSounds\sprj_katana_iai0.wav
Debug: Encoded D:\Games\Steam\steamapps\common\DARK SOULS III\Game\AshesLauncherDev\_ashes\sound\AshesSounds\w_whip_swing01.wav
Debug: Encoded D:\Games\Steam\steamapps\common\DARK SOULS III\Game\AshesLauncherDev\_ashes\sound\AshesSounds\w_whip_swing02.wav
Debug: Encoded D:\Games\Steam\steamapps\common\DARK SOULS III\Game\AshesLauncherDev\_ashes\sound\AshesSounds\w_whip_swing03.wav
Debug: Encoded D:\Games\Steam\steamapps\common\DARK SOULS III\Game\AshesLauncherDev\_ashes\sound\AshesSounds\w_change_whip_noko2.wav
Debug: Writing FSB...
Debug: Error : Failed to build wave bank 'D:\Games\Steam\steamapps\common\DARK SOULS III\Game\AshesLauncherDev\_ashes\sound\fdp_main_dlc1.fsb'. Build cancelled.
Debug: 
The following errors and warnings were detected:
Error : Failed to build wave bank 'D:\Games\Steam\steamapps\common\DARK SOULS III\Game\AshesLauncherDev\_ashes\sound\fdp_main_dlc1.fsb'. Build cancelled.
Debug: 
Summary of build:
SUCCESS: D:/Games/Steam/steamapps/common/DARK SOULS III/Game/AshesLauncherDev/_ashes/sound/fdp_main_dlc1.fev
FAIL   : D:/Games/Steam/steamapps/common/DARK SOULS III/Game/AshesLauncherDev/_ashes/sound/fdp_main_dlc1.fsb
Debug: "00:48:50 c:\jk\workspace\build__4.44__designer_win\fmod4\tools\fmod_designer\src\sounddefform.ui.h:2856 HG: Add Sound File" 
Debug: "00:49:05 c:\jk\workspace\build__4.44__designer_win\fmod4\tools\fmod_designer\src\eventform.ui.h:1983 CG: Paste Event" 
Debug: "00:49:17 ..\..\src\propertyeditor.cpp:1508 EM: Set Name" 
Debug: "00:50:01 ..\..\src\propertyeditor.cpp:1508 EM: Set Name" 
Debug: 
Building project 'fdp_main_dlc1'...
Debug: Building project D:\Games\Steam\steamapps\common\DARK SOULS III\Game\AshesLauncherDev\_ashes\sound\fdp_main_dlc1.fev...
Debug: Unique sound defs 1/21
Debug: Retrieving sound file info...
Debug: Retrieving reverb info...
Debug: FEV file written ok
Debug: Unique Envelope Points: 11 of 175
Debug: Unique Strings: 595 characters of 859
Debug: Caching sound file details for ''...
Debug: beast_b_at01.wav
Debug: beast_b_at02.wav
Debug: beast_b_at03.wav
Debug: beast_change.wav
Debug: beast_change_short.wav
Debug: beast_change_short2.wav
Debug: beast_reflec.wav
Debug: beast_s_at01.wav
Debug: beast_s_at02.wav
Debug: beast_s_at03.wav
Debug: beast_s_at04.wav
Debug: c000004334.wav
Debug: finger.wav
Debug: hebi_hue.wav
Debug: juuka0.wav
Debug: juuka1.wav
Debug: s000202008.wav
Debug: sharin_don.wav
Debug: sharin_land.wav
Debug: sharin_mawasu.wav
Debug: sharin_onryo.wav
Debug: sprj_katana_iai0.wav
Debug: sprj_katana_iai1.wav
Debug: w_change_whip_noko1.wav
Debug: w_change_whip_noko2.wav
Debug: w_whip_swing01.wav
Debug: w_whip_swing02.wav
Debug: w_whip_swing03.wav
Debug: Building 'fdp_main_dlc1.fsb'
Debug: Encoded D:\Games\Steam\steamapps\common\DARK SOULS III\Game\AshesLauncherDev\_ashes\sound\AshesSounds\beast_b_at01.wav
Debug: Encoded D:\Games\Steam\steamapps\common\DARK SOULS III\Game\AshesLauncherDev\_ashes\sound\AshesSounds\beast_b_at02.wav
Debug: Encoded D:\Games\Steam\steamapps\common\DARK SOULS III\Game\AshesLauncherDev\_ashes\sound\AshesSounds\beast_b_at03.wav
Debug: Encoded D:\Games\Steam\steamapps\common\DARK SOULS III\Game\AshesLauncherDev\_ashes\sound\AshesSounds\beast_change.wav
Debug: Encoded D:\Games\Steam\steamapps\common\DARK SOULS III\Game\AshesLauncherDev\_ashes\sound\AshesSounds\beast_change_short2.wav
Debug: Encoded D:\Games\Steam\steamapps\common\DARK SOULS III\Game\AshesLauncherDev\_ashes\sound\AshesSounds\beast_reflec.wav
Debug: Encoded D:\Games\Steam\steamapps\common\DARK SOULS III\Game\AshesLauncherDev\_ashes\sound\AshesSounds\beast_s_at01.wav
Debug: Encoded D:\Games\Steam\steamapps\common\DARK SOULS III\Game\AshesLauncherDev\_ashes\sound\AshesSounds\beast_s_at03.wav
Debug: Encoded D:\Games\Steam\steamapps\common\DARK SOULS III\Game\AshesLauncherDev\_ashes\sound\AshesSounds\beast_s_at02.wav
Debug: Encoded D:\Games\Steam\steamapps\common\DARK SOULS III\Game\AshesLauncherDev\_ashes\sound\AshesSounds\beast_s_at04.wav
Debug: Encoded D:\Games\Steam\steamapps\common\DARK SOULS III\Game\AshesLauncherDev\_ashes\sound\AshesSounds\finger.wav
Debug: Encoded D:\Games\Steam\steamapps\common\DARK SOULS III\Game\AshesLauncherDev\_ashes\sound\AshesSounds\juuka0.wav
Debug: Encoded D:\Games\Steam\steamapps\common\DARK SOULS III\Game\AshesLauncherDev\_ashes\sound\AshesSounds\hebi_hue.wav
Debug: Encoded D:\Games\Steam\steamapps\common\DARK SOULS III\Game\AshesLauncherDev\_ashes\sound\AshesSounds\juuka1.wav
Debug: Encoded D:\Games\Steam\steamapps\common\DARK SOULS III\Game\AshesLauncherDev\_ashes\sound\AshesSounds\s000202008.wav
Debug: Encoded D:\Games\Steam\steamapps\common\DARK SOULS III\Game\AshesLauncherDev\_ashes\sound\AshesSounds\sharin_land.wav
Debug: Encoded D:\Games\Steam\steamapps\common\DARK SOULS III\Game\AshesLauncherDev\_ashes\sound\AshesSounds\sharin_don.wav
Debug: Encoded D:\Games\Steam\steamapps\common\DARK SOULS III\Game\AshesLauncherDev\_ashes\sound\AshesSounds\sharin_mawasu.wav
Debug: Encoded D:\Games\Steam\steamapps\common\DARK SOULS III\Game\AshesLauncherDev\_ashes\sound\AshesSounds\sharin_onryo.wav
Debug: Encoded D:\Games\Steam\steamapps\common\DARK SOULS III\Game\AshesLauncherDev\_ashes\sound\AshesSounds\sprj_katana_iai1.wav
Debug: Encoded D:\Games\Steam\steamapps\common\DARK SOULS III\Game\AshesLauncherDev\_ashes\sound\AshesSounds\sprj_katana_iai0.wav
Debug: Encoded D:\Games\Steam\steamapps\common\DARK SOULS III\Game\AshesLauncherDev\_ashes\sound\AshesSounds\w_change_whip_noko1.wav
Debug: Encoded D:\Games\Steam\steamapps\common\DARK SOULS III\Game\AshesLauncherDev\_ashes\sound\AshesSounds\w_change_whip_noko2.wav
Debug: Encoded D:\Games\Steam\steamapps\common\DARK SOULS III\Game\AshesLauncherDev\_ashes\sound\AshesSounds\w_whip_swing01.wav
Debug: Encoded D:\Games\Steam\steamapps\common\DARK SOULS III\Game\AshesLauncherDev\_ashes\sound\AshesSounds\w_whip_swing02.wav
Debug: Encoded D:\Games\Steam\steamapps\common\DARK SOULS III\Game\AshesLauncherDev\_ashes\sound\AshesSounds\w_whip_swing03.wav
Debug: Writing FSB...
Debug: Error : Failed to build wave bank 'D:\Games\Steam\steamapps\common\DARK SOULS III\Game\AshesLauncherDev\_ashes\sound\fdp_main_dlc1.fsb'. Build cancelled.
Debug: 
The following errors and warnings were detected:
Error : Failed to build wave bank 'D:\Games\Steam\steamapps\common\DARK SOULS III\Game\AshesLauncherDev\_ashes\sound\fdp_main_dlc1.fsb'. Build cancelled.
Debug: 
Summary of build:
SUCCESS: D:/Games/Steam/steamapps/common/DARK SOULS III/Game/AshesLauncherDev/_ashes/sound/fdp_main_dlc1.fev
FAIL   : D:/Games/Steam/steamapps/common/DARK SOULS III/Game/AshesLauncherDev/_ashes/sound/fdp_main_dlc1.fsb
